04-29 08:57 root  INFO  installPath C:\Users\FernandI\Development\Projects\Singular
04-29 08:57 root  INFO  executablePath C:\Users\FernandI\Development\Projects\Singular
04-29 08:57 root  INFO  debugsPath C:\Users\FernandI\Development\Projects\Singular\output\debugs
04-29 08:57 root  INFO  logFileName Nautilus_20200429-085758.log
04-29 08:57 root  INFO  logFilePath C:\Users\FernandI\Development\Projects\Singular\output\debugs\Nautilus_20200429-085758.log
04-29 08:57 root  INFO  schema pathC:\Users\FernandI\Development\Projects\Singular\schema
04-29 08:57 root  INFO  Logging initializated
04-29 08:57 root  INFO  Executing
04-29 08:57 werkzeug INFO   * Running on http://localhost:10060/ (Press CTRL+C to quit)
04-29 08:57 root  INFO  YAML command file found with executable!
04-29 08:57 root  INFO  Openning YAML command file in directoryC:\Users\FernandI\Development\Projects\Singular\list_of_commands.yaml
04-29 08:57 root  INFO  Multithreading with maximum 1 threads
04-29 09:00 root  INFO  Pressed "run commands" under Telepresence tab
04-29 09:00 root  INFO  Validating commands...
04-29 09:00 root  INFO  List of commands validated successfully
04-29 09:00 root  INFO  current command: show users()
04-29 09:00 root  INFO  show users() command matched
04-29 09:00 root  INFO  Discovering sw versions
04-29 09:00 axapi INFO  Got response 200 for init sw() in 10.18.8.245
04-29 09:00 root  INFO  treating command
04-29 09:00 axapi INFO  Got response 200 for show users() in 10.18.8.245
04-29 09:00 root  INFO  treating command
04-29 09:00 root  INFO  execution time: 1.46
04-29 09:00 root  INFO  ###### EXECUTION COMPLETED ######
04-29 09:03 root  INFO  Pressed "run commands" under Telepresence tab
04-29 09:03 root  INFO  Validating commands...
04-29 09:03 root  INFO  List of commands validated successfully
04-29 09:03 root  INFO  current command: help()
04-29 09:03 root  INFO  execution time: 0.00
04-29 09:03 root  INFO  ###### EXECUTION COMPLETED ######
04-29 09:04 root  INFO  Pressed "run commands" under Telepresence tab
04-29 09:04 root  INFO  Validating commands...
04-29 09:04 root  INFO  List of commands validated successfully
04-29 09:04 root  INFO  current command: show users()
04-29 09:04 root  INFO  show users() command matched
04-29 09:04 root  INFO  Discovering sw versions
04-29 09:04 axapi INFO  Got response 200 for init sw() in 10.18.8.245
04-29 09:04 root  INFO  treating command
04-29 09:04 axapi INFO  Got response 200 for show users() in 10.18.8.245
04-29 09:04 root  INFO  treating command
04-29 09:04 root  INFO  execution time: 1.35
04-29 09:04 root  INFO  ###### EXECUTION COMPLETED ######
04-29 09:06 root  INFO  Pressed "run commands" under Telepresence tab
04-29 09:06 root  INFO  Validating commands...
04-29 09:06 root  INFO  List of commands validated successfully
04-29 09:06 root  INFO  current command: help()
04-29 09:06 root  INFO  execution time: 0.00
04-29 09:06 root  INFO  ###### EXECUTION COMPLETED ######
04-29 09:08 root  INFO  Pressed "run commands" under Telepresence tab
04-29 09:08 root  INFO  Validating commands...
04-29 09:08 root  INFO  List of commands validated successfully
04-29 09:08 root  INFO  current command: add user(sscinfraadmin,QagU+a@7WD,Admin)
04-29 09:08 root  INFO  add user() command matched
04-29 09:08 root  INFO  Discovering sw versions
04-29 09:08 axapi INFO  Got response 200 for init sw() in 10.18.8.245
04-29 09:08 root  INFO  treating command
04-29 09:08 axapi INFO  Got response 200 for add user() in 10.18.8.245
04-29 09:08 root  INFO  treating command
04-29 09:08 root  INFO  execution time: 1.41
04-29 09:08 root  INFO  ###### EXECUTION COMPLETED ######
