04-29 09:50 root  INFO  installPath C:\Users\FernandI\Development\Projects\Singular
04-29 09:50 root  INFO  executablePath C:\Users\FernandI\Development\Projects\Singular
04-29 09:50 root  INFO  debugsPath C:\Users\FernandI\Development\Projects\Singular\output\debugs
04-29 09:50 root  INFO  logFileName Nautilus_20200429-095011.log
04-29 09:50 root  INFO  logFilePath C:\Users\FernandI\Development\Projects\Singular\output\debugs\Nautilus_20200429-095011.log
04-29 09:50 root  INFO  schema pathC:\Users\FernandI\Development\Projects\Singular\schema
04-29 09:50 root  INFO  Logging initializated
04-29 09:50 root  INFO  Executing
04-29 09:50 werkzeug INFO   * Running on http://localhost:10060/ (Press CTRL+C to quit)
04-29 09:50 root  INFO  YAML command file found with executable!
04-29 09:50 root  INFO  Openning YAML command file in directoryC:\Users\FernandI\Development\Projects\Singular\list_of_commands.yaml
04-29 09:50 root  INFO  Multithreading with maximum 1 threads
04-29 09:51 root  INFO  Pressed "run commands" under Telepresence tab
04-29 09:51 root  INFO  Validating commands...
04-29 09:51 root  INFO  List of commands validated successfully
04-29 09:51 root  INFO  current command: call dial(75149178181)
04-29 09:51 root  INFO  execution time: 2.46
04-29 09:51 root  INFO  ###### EXECUTION COMPLETED ######
04-29 09:52 root  INFO  Pressed "run commands" under Telepresence tab
04-29 09:52 root  INFO  Validating commands...
04-29 09:52 root  INFO  List of commands validated successfully
04-29 09:52 root  INFO  current command: call dial(75149178181)
04-29 09:52 root  INFO  execution time: 3.71
04-29 09:52 root  INFO  ###### EXECUTION COMPLETED ######
04-29 09:52 root  INFO  Pressed "run commands" under Telepresence tab
04-29 09:53 root  INFO  Validating commands...
04-29 09:53 root  INFO  List of commands validated successfully
04-29 09:53 root  INFO  current command: call dial(75149178181)
04-29 09:53 root  INFO  execution time: 63.92
04-29 09:53 root  INFO  ###### EXECUTION COMPLETED ######
04-29 09:54 root  INFO  Pressed "run commands" under Telepresence tab
04-29 09:54 root  INFO  '10.9.35.233,75149178181' does not appear to be an IPv4 or IPv6 address
04-29 09:54 root  INFO  Validating commands...
04-29 09:54 root  INFO  List of commands validated successfully
04-29 09:54 root  INFO  current command: call dial()
04-29 09:54 root  INFO  call dial() matched
04-29 09:57 axapi INFO  Got response 200 for call dial() in 10.9.35.233
04-29 09:57 root  INFO  treating command
04-29 09:57 root  INFO  execution time: 194.58
04-29 09:57 root  INFO  ###### EXECUTION COMPLETED ######
