05-07 12:32 root  INFO  installPath C:\Users\FernandI\Development\Projects\Singular
05-07 12:32 root  INFO  executablePath C:\Users\FernandI\Development\Projects\Singular
05-07 12:32 root  INFO  debugsPath C:\Users\FernandI\Development\Projects\Singular\output\debugs
05-07 12:32 root  INFO  logFileName Nautilus_20200507-123217.log
05-07 12:32 root  INFO  logFilePath C:\Users\FernandI\Development\Projects\Singular\output\debugs\Nautilus_20200507-123217.log
05-07 12:32 root  INFO  schema pathC:\Users\FernandI\Development\Projects\Singular\schema
05-07 12:32 root  INFO  Logging initializated
05-07 12:32 root  INFO  Executing
05-07 12:32 werkzeug INFO   * Running on http://localhost:10060/ (Press CTRL+C to quit)
05-07 12:32 root  INFO  YAML command file found with executable!
05-07 12:32 root  INFO  Openning YAML command file in directoryC:\Users\FernandI\Development\Projects\Singular\list_of_commands.yaml
05-07 12:32 root  INFO  Multithreading with maximum 1 threads
05-07 12:33 root  INFO  Pressed "run commands" under Telepresence tab
05-07 12:33 root  INFO  '10.9.35.233,886137295408' does not appear to be an IPv4 or IPv6 address
05-07 12:33 root  INFO  Validating commands...
05-07 12:33 root  INFO  List of commands validated successfully
05-07 12:33 root  INFO  current command: call dial()
05-07 12:33 root  INFO  call dial() command matched
05-07 12:33 axapi INFO  Got response 200 for call dial() in 10.18.8.245
05-07 12:33 axapi INFO  Got response 200 for call dial() in 10.9.35.233
05-07 12:33 root  INFO  treating command
