05-07 07:16 root  INFO  installPath C:\Users\FernandI\Development\Projects\Singular
05-07 07:16 root  INFO  executablePath C:\Users\FernandI\Development\Projects\Singular
05-07 07:16 root  INFO  debugsPath C:\Users\FernandI\Development\Projects\Singular\output\debugs
05-07 07:16 root  INFO  logFileName Nautilus_20200507-071601.log
05-07 07:16 root  INFO  logFilePath C:\Users\FernandI\Development\Projects\Singular\output\debugs\Nautilus_20200507-071601.log
05-07 07:16 root  INFO  schema pathC:\Users\FernandI\Development\Projects\Singular\schema
05-07 07:16 root  INFO  Logging initializated
05-07 07:16 root  INFO  Executing
05-07 07:16 werkzeug INFO   * Running on http://localhost:10060/ (Press CTRL+C to quit)
05-07 07:16 root  INFO  YAML command file found with executable!
05-07 07:16 root  INFO  Openning YAML command file in directoryC:\Users\FernandI\Development\Projects\Singular\list_of_commands.yaml
05-07 07:16 root  INFO  Multithreading with maximum 1 threads
05-07 07:16 root  INFO  Pressed "run commands" under Telepresence tab
05-07 07:16 root  INFO  '10.18.8.245,886137295408' does not appear to be an IPv4 or IPv6 address
05-07 07:16 root  INFO  Validating commands...
05-07 07:16 root  INFO  List of commands validated successfully
05-07 07:16 root  INFO  current command: call dial()
05-07 07:16 root  INFO  call dial() command matched
05-07 07:16 axapi INFO  Got response 200 for call dial() in 10.18.8.245
05-07 07:16 root  INFO  treating command
05-07 07:16 root  INFO  execution time: 1.68
05-07 07:16 root  INFO  ###### EXECUTION COMPLETED ######
05-07 07:17 root  INFO  Pressed "run commands" under Telepresence tab
05-07 07:17 root  INFO  '10.18.8.245,75149178181#' does not appear to be an IPv4 or IPv6 address
05-07 07:17 root  INFO  Validating commands...
05-07 07:17 root  INFO  List of commands validated successfully
05-07 07:17 root  INFO  current command: call sendDTMF()
05-07 07:17 root  INFO  call sendDTMF() command matched
05-07 07:17 root  INFO  Discovering sw versions
05-07 07:17 axapi INFO  Got response 200 for init sw() in 10.18.8.245
05-07 07:17 root  INFO  treating command
05-07 07:17 axapi INFO  Got response 200 for call sendDTMF() in 10.18.8.245
05-07 07:17 root  INFO  treating command
05-07 07:17 root  INFO  execution time: 39.97
05-07 07:17 root  INFO  ###### EXECUTION COMPLETED ######
05-07 07:17 root  INFO  Pressed "run commands" under Telepresence tab
05-07 07:17 root  INFO  '10.18.8.245,3629#' does not appear to be an IPv4 or IPv6 address
05-07 07:17 root  INFO  Validating commands...
05-07 07:17 root  INFO  List of commands validated successfully
05-07 07:17 root  INFO  current command: call sendDTMF()
05-07 07:17 root  INFO  call sendDTMF() command matched
05-07 07:17 root  INFO  Discovering sw versions
05-07 07:17 axapi INFO  Got response 200 for init sw() in 10.18.8.245
05-07 07:17 root  INFO  treating command
05-07 07:17 axapi INFO  Got response 200 for call sendDTMF() in 10.18.8.245
05-07 07:17 root  INFO  treating command
05-07 07:17 root  INFO  execution time: 5.89
05-07 07:17 root  INFO  ###### EXECUTION COMPLETED ######
