05-06 20:16 root  INFO  installPath C:\Users\FernandI\Development\Projects\Singular
05-06 20:16 root  INFO  executablePath C:\Users\FernandI\Development\Projects\Singular
05-06 20:16 root  INFO  debugsPath C:\Users\FernandI\Development\Projects\Singular\output\debugs
05-06 20:16 root  INFO  logFileName Nautilus_20200506-201612.log
05-06 20:16 root  INFO  logFilePath C:\Users\FernandI\Development\Projects\Singular\output\debugs\Nautilus_20200506-201612.log
05-06 20:16 root  INFO  schema pathC:\Users\FernandI\Development\Projects\Singular\schema
05-06 20:16 root  INFO  Logging initializated
05-06 20:16 root  INFO  Executing
05-06 20:16 werkzeug INFO   * Running on http://localhost:10060/ (Press CTRL+C to quit)
05-06 20:16 root  INFO  YAML command file found with executable!
05-06 20:16 root  INFO  Openning YAML command file in directoryC:\Users\FernandI\Development\Projects\Singular\list_of_commands.yaml
05-06 20:16 root  INFO  Multithreading with maximum 1 threads
05-06 20:18 root  INFO  Pressed "run commands" under Telepresence tab
05-06 20:18 root  INFO  '10.18.8.245,886137295408' does not appear to be an IPv4 or IPv6 address
05-06 20:18 root  INFO  Validating commands...
05-06 20:18 root  INFO  List of commands validated successfully
05-06 20:18 root  INFO  current command: call dial()
05-06 20:18 root  INFO  call dial() command matched
05-06 20:18 axapi INFO  Got response 200 for call dial() in 10.18.8.245
05-06 20:18 axapi INFO  Got response 200 for call dial() in 10.18.8.254
05-06 20:18 root  INFO  treating command
05-06 20:19 root  INFO  execution time: 44.06
05-06 20:19 root  INFO  ###### EXECUTION COMPLETED ######
