05-08 09:02 root  INFO  installPath C:\Users\FernandI\Development\Projects\Singular
05-08 09:02 root  INFO  executablePath C:\Users\FernandI\Development\Projects\Singular
05-08 09:02 root  INFO  debugsPath C:\Users\FernandI\Development\Projects\Singular\output\debugs
05-08 09:02 root  INFO  logFileName Nautilus_20200508-090233.log
05-08 09:02 root  INFO  logFilePath C:\Users\FernandI\Development\Projects\Singular\output\debugs\Nautilus_20200508-090233.log
05-08 09:02 root  INFO  schema pathC:\Users\FernandI\Development\Projects\Singular\schema
05-08 09:02 root  INFO  Logging initializated
05-08 09:02 root  INFO  Executing
05-08 09:02 werkzeug INFO   * Running on http://localhost:10060/ (Press CTRL+C to quit)
05-08 09:02 root  INFO  YAML command file found with executable!
05-08 09:02 root  INFO  Openning YAML command file in directoryC:\Users\FernandI\Development\Projects\Singular\list_of_commands.yaml
05-08 09:02 root  INFO  Multithreading with maximum 1 threads
05-08 09:02 root  INFO  Pressed "run commands" under Telepresence tab
05-08 09:02 root  INFO  '10.9.35.233,886137295408' does not appear to be an IPv4 or IPv6 address
05-08 09:02 root  INFO  Validating commands...
05-08 09:02 root  INFO  List of commands validated successfully
05-08 09:02 root  INFO  current command: call dial()
05-08 09:02 root  INFO  call dial() command matched
05-08 09:03 axapi INFO  Got response 200 for call dial() in 10.9.35.233
05-08 09:03 root  INFO  treating command
05-08 09:03 root  INFO  execution time: 1.49
05-08 09:03 root  INFO  ###### EXECUTION COMPLETED ######
