05-08 10:44 root  INFO  installPath C:\Users\FernandI\Development\Projects\Singular
05-08 10:44 root  INFO  executablePath C:\Users\FernandI\Development\Projects\Singular
05-08 10:44 root  INFO  debugsPath C:\Users\FernandI\Development\Projects\Singular\output\debugs
05-08 10:44 root  INFO  logFileName Nautilus_20200508-104451.log
05-08 10:44 root  INFO  logFilePath C:\Users\FernandI\Development\Projects\Singular\output\debugs\Nautilus_20200508-104451.log
05-08 10:44 root  INFO  schema pathC:\Users\FernandI\Development\Projects\Singular\schema
05-08 10:44 root  INFO  Logging initializated
05-08 10:44 root  INFO  Executing
05-08 10:44 werkzeug INFO   * Running on http://localhost:10060/ (Press CTRL+C to quit)
05-08 10:44 root  INFO  YAML command file found with executable!
05-08 10:44 root  INFO  Openning YAML command file in directoryC:\Users\FernandI\Development\Projects\Singular\list_of_commands.yaml
05-08 10:44 root  INFO  Multithreading with maximum 1 threads
05-08 10:45 root  INFO  Pressed "run commands" under Telepresence tab
05-08 10:45 root  INFO  '10.9.35.233,886137295408' does not appear to be an IPv4 or IPv6 address
05-08 10:45 root  INFO  Validating commands...
05-08 10:45 root  INFO  List of commands validated successfully
05-08 10:45 root  INFO  current command: call status()
05-08 10:45 root  INFO  call status() command matched
05-08 10:46 axapi INFO  Got response 200 for call status() in 10.9.35.233
05-08 10:46 axapi INFO  Got response 200 for call status() in 10.18.8.245
05-08 10:46 root  INFO  treating command
