05-08 11:13 root  INFO  installPath C:\Users\FernandI\Development\Projects\Singular
05-08 11:13 root  INFO  executablePath C:\Users\FernandI\Development\Projects\Singular
05-08 11:13 root  INFO  debugsPath C:\Users\FernandI\Development\Projects\Singular\output\debugs
05-08 11:13 root  INFO  logFileName Nautilus_20200508-111338.log
05-08 11:13 root  INFO  logFilePath C:\Users\FernandI\Development\Projects\Singular\output\debugs\Nautilus_20200508-111338.log
05-08 11:13 root  INFO  schema pathC:\Users\FernandI\Development\Projects\Singular\schema
05-08 11:13 root  INFO  Logging initializated
05-08 11:13 root  INFO  Executing
05-08 11:13 werkzeug INFO   * Running on http://localhost:10060/ (Press CTRL+C to quit)
05-08 11:13 root  INFO  YAML command file found with executable!
05-08 11:13 root  INFO  Openning YAML command file in directoryC:\Users\FernandI\Development\Projects\Singular\list_of_commands.yaml
05-08 11:13 root  INFO  Multithreading with maximum 1 threads
05-08 11:14 root  INFO  Pressed "run commands" under Telepresence tab
05-08 11:14 root  INFO  Validating commands...
05-08 11:14 root  INFO  List of commands validated successfully
05-08 11:14 root  INFO  current command: show status()
05-08 11:14 root  INFO  show status() command matched
05-08 11:14 axapi INFO  Got response 200 for show status() in 10.18.8.245
05-08 11:14 axapi INFO  Got response 200 for show status() in 10.9.35.233
05-08 11:14 root  INFO  treating command
05-08 11:14 root  INFO  execution time: 7.02
05-08 11:14 root  INFO  ###### EXECUTION COMPLETED ######
05-08 12:15 root  INFO  Pressed "run commands" under Telepresence tab
05-08 12:15 root  INFO  Validating commands...
05-08 12:15 root  INFO  List of commands validated successfully
05-08 12:15 root  INFO  current command: call status()
05-08 12:15 root  INFO  call status() command matched
05-08 12:15 axapi INFO  Got response 200 for call status() in 10.18.8.245
05-08 12:15 axapi INFO  Got response 200 for call status() in 10.9.35.233
05-08 12:15 root  INFO  treating command
05-08 12:15 root  INFO  execution time: 25.63
05-08 12:15 root  INFO  ###### EXECUTION COMPLETED ######
05-08 12:15 root  INFO  Pressed "run commands" under Telepresence tab
05-08 12:15 root  INFO  Validating commands...
05-08 12:15 root  INFO  List of commands validated successfully
05-08 12:15 root  INFO  current command: call status()
05-08 12:15 root  INFO  call status() command matched
05-08 12:15 axapi INFO  Got response 200 for call status() in 10.18.8.245
05-08 12:15 axapi INFO  Got response 200 for call status() in 10.9.35.233
05-08 12:16 root  INFO  treating command
