05-05 16:58 root  INFO  installPath C:\Users\FernandI\Development\Projects\Singular
05-05 16:58 root  INFO  executablePath C:\Users\FernandI\Development\Projects\Singular
05-05 16:58 root  INFO  debugsPath C:\Users\FernandI\Development\Projects\Singular\output\debugs
05-05 16:58 root  INFO  logFileName Nautilus_20200505-165829.log
05-05 16:58 root  INFO  logFilePath C:\Users\FernandI\Development\Projects\Singular\output\debugs\Nautilus_20200505-165829.log
05-05 16:58 root  INFO  schema pathC:\Users\FernandI\Development\Projects\Singular\schema
05-05 16:58 root  INFO  Logging initializated
05-05 16:58 root  INFO  Executing
05-05 16:58 werkzeug INFO   * Running on http://localhost:10060/ (Press CTRL+C to quit)
05-05 16:58 root  INFO  YAML command file found with executable!
05-05 16:58 root  INFO  Openning YAML command file in directoryC:\Users\FernandI\Development\Projects\Singular\list_of_commands.yaml
05-05 16:58 root  INFO  Multithreading with maximum 1 threads
05-06 13:39 root  INFO  Pressed "run commands" under Telepresence tab
05-06 13:39 root  INFO  '10.18.8.245,886137295408' does not appear to be an IPv4 or IPv6 address
05-06 13:40 root  INFO  Validating commands...
05-06 13:40 root  INFO  List of commands validated successfully
05-06 13:40 root  INFO  current command: call dial()
05-06 13:40 root  INFO  call dial() command matched
05-06 13:40 axapi INFO  Got response 200 for call dial() in 10.18.8.245
05-06 13:40 axapi INFO  Got response 200 for call dial() in 10.18.8.254
05-06 13:40 root  INFO  treating command
05-06 13:41 root  ERROR 'str' object has no attribute 'items'
05-06 13:41 root  ERROR 'str' object has no attribute 'items'
05-06 13:41 root  INFO  execution time: 81.20
05-06 13:41 root  INFO  ###### EXECUTION COMPLETED ######
05-06 13:41 root  INFO  Pressed "run commands" under Telepresence tab
05-06 13:41 root  INFO  '10.18.8.245,886137295408' does not appear to be an IPv4 or IPv6 address
05-06 13:41 root  INFO  Validating commands...
05-06 13:41 root  INFO  List of commands validated successfully
05-06 13:41 root  INFO  current command: call dial()
05-06 13:41 root  INFO  call dial() command matched
05-06 13:41 axapi INFO  Got response 200 for call dial() in 10.18.8.245
05-06 13:41 axapi INFO  Got response 200 for call dial() in 10.18.8.254
05-06 13:41 root  INFO  treating command
